#
# There is insufficient memory for the Java Runtime Environment to continue.
# Native memory allocation (mmap) failed to map 5242880 bytes. Error detail: G1 virtual space
# Possible reasons:
#   The system is out of physical RAM or swap space
#   This process is running with CompressedOops enabled, and the Java Heap may be blocking the growth of the native heap
# Possible solutions:
#   Reduce memory load on the system
#   Increase physical memory or swap space
#   Check if swap backing store is full
#   Decrease Java heap size (-Xmx/-Xms)
#   Decrease number of Java threads
#   Decrease Java thread stack sizes (-Xss)
#   Set larger code cache with -XX:ReservedCodeCacheSize=
#   JVM is running with Unscaled Compressed Oops mode in which the Java heap is
#     placed in the first 4GB address space. The Java Heap base address is the
#     maximum limit for the native heap growth. Please use -XX:HeapBaseMinAddress
#     to set the Java Heap base and to place the Java Heap above 4GB virtual address.
# This output file may be truncated or incomplete.
#
#  Out of Memory Error (os_windows.cpp:3898), pid=20376, tid=24648
#
# JRE version: OpenJDK Runtime Environment (21.0.7) (build 21.0.7+-13880790-b1038.58)
# Java VM: OpenJDK 64-Bit Server VM (21.0.7+-13880790-b1038.58, mixed mode, tiered, compressed oops, compressed class ptrs, g1 gc, windows-amd64)
# No core dump will be written. Minidumps are not enabled by default on client versions of Windows
#

---------------  S U M M A R Y ------------

Command Line: -Dapplication.home=C:\Program Files\Android\Android Studio\jbr --add-modules=ALL-DEFAULT -Xms8m -Djdk.module.main=jdk.jlink jdk.jlink/jdk.tools.jlink.internal.Main --module-path C:\Users\Lenov\.gradle\caches\8.13\transforms\d89adf8cf01c0dce62d2eb70e8bebe08-5c96e99d-eaab-4503-a91f-8535c5ca80ac\transformed\output\temp\jmod --add-modules java.base --output C:\Users\Lenov\.gradle\caches\8.13\transforms\d89adf8cf01c0dce62d2eb70e8bebe08-5c96e99d-eaab-4503-a91f-8535c5ca80ac\transformed\output\jdkImage --disable-plugin system-modules

Host: 12th Gen Intel(R) Core(TM) i3-1215U, 8 cores, 7G,  Windows 11 , 64 bit Build 26100 (10.0.26100.5074)
Time: Wed Oct  8 20:24:06 2025 Hora estándar de Argentina elapsed time: 3.374233 seconds (0d 0h 0m 3s)

---------------  T H R E A D  ---------------

Current thread (0x0000015d61653420):  VMThread "VM Thread"          [id=24648, stack(0x000000526aa00000,0x000000526ab00000) (1024K)]

Stack: [0x000000526aa00000,0x000000526ab00000]
Native frames: (J=compiled Java code, j=interpreted, Vv=VM code, C=native code)
V  [jvm.dll+0x6d25c9]
V  [jvm.dll+0x860923]
V  [jvm.dll+0x862e7e]
V  [jvm.dll+0x863563]
V  [jvm.dll+0x27f156]
V  [jvm.dll+0x6ceee5]
V  [jvm.dll+0x6c29aa]
V  [jvm.dll+0x355ebb]
V  [jvm.dll+0x35db16]
V  [jvm.dll+0x3afb16]
V  [jvm.dll+0x3afde8]
V  [jvm.dll+0x32855c]
V  [jvm.dll+0x3285e7]
V  [jvm.dll+0x36e47c]
V  [jvm.dll+0x36cc2e]
V  [jvm.dll+0x327cb1]
V  [jvm.dll+0x36c330]
V  [jvm.dll+0x8692e8]
V  [jvm.dll+0x86a664]
V  [jvm.dll+0x86aba0]
V  [jvm.dll+0x86ae33]
V  [jvm.dll+0x808d08]
V  [jvm.dll+0x6d0e1d]
C  [ucrtbase.dll+0x37b0]
C  [KERNEL32.DLL+0x2e8d7]
C  [ntdll.dll+0x8d9c]

VM_Operation (0x000000526a3fec70): G1CollectForAllocation, mode: safepoint, requested by thread 0x0000015d47c9c2d0


---------------  P R O C E S S  ---------------

Threads class SMR info:
_java_thread_list=0x0000015d61a63960, length=11, elements={
0x0000015d47c9c2d0, 0x0000015d6169dbe0, 0x0000015d617c1460, 0x0000015d617c0400,
0x0000015d617eac60, 0x0000015d617ef2e0, 0x0000015d61800af0, 0x0000015d61809ce0,
0x0000015d6182ca50, 0x0000015d6182f110, 0x0000015d61abdf50
}

Java Threads: ( => current thread )
  0x0000015d47c9c2d0 JavaThread "main"                              [_thread_blocked, id=20516, stack(0x000000526a300000,0x000000526a400000) (1024K)]
  0x0000015d6169dbe0 JavaThread "Common-Cleaner"             daemon [_thread_blocked, id=2308, stack(0x000000526ab00000,0x000000526ac00000) (1024K)]
  0x0000015d617c1460 JavaThread "Reference Handler"          daemon [_thread_blocked, id=31068, stack(0x000000526ac00000,0x000000526ad00000) (1024K)]
  0x0000015d617c0400 JavaThread "Finalizer"                  daemon [_thread_blocked, id=6924, stack(0x000000526ad00000,0x000000526ae00000) (1024K)]
  0x0000015d617eac60 JavaThread "Signal Dispatcher"          daemon [_thread_blocked, id=30708, stack(0x000000526ae00000,0x000000526af00000) (1024K)]
  0x0000015d617ef2e0 JavaThread "Attach Listener"            daemon [_thread_blocked, id=10168, stack(0x000000526af00000,0x000000526b000000) (1024K)]
  0x0000015d61800af0 JavaThread "Service Thread"             daemon [_thread_blocked, id=31480, stack(0x000000526b000000,0x000000526b100000) (1024K)]
  0x0000015d61809ce0 JavaThread "Monitor Deflation Thread"   daemon [_thread_blocked, id=26492, stack(0x000000526b100000,0x000000526b200000) (1024K)]
  0x0000015d6182ca50 JavaThread "C2 CompilerThread0"         daemon [_thread_blocked, id=7716, stack(0x000000526b200000,0x000000526b300000) (1024K)]
  0x0000015d6182f110 JavaThread "C1 CompilerThread0"         daemon [_thread_blocked, id=23844, stack(0x000000526b300000,0x000000526b400000) (1024K)]
  0x0000015d61abdf50 JavaThread "Notification Thread"        daemon [_thread_blocked, id=18988, stack(0x000000526b400000,0x000000526b500000) (1024K)]
Total: 11

Other Threads:
=>0x0000015d61653420 VMThread "VM Thread"                           [id=24648, stack(0x000000526aa00000,0x000000526ab00000) (1024K)]
  0x0000015d615bda20 WatcherThread "VM Periodic Task Thread"        [id=10172, stack(0x000000526a900000,0x000000526aa00000) (1024K)]
  0x0000015d4a143170 WorkerThread "GC Thread#0"                     [id=11896, stack(0x000000526a400000,0x000000526a500000) (1024K)]
  0x0000015d61ad1d20 WorkerThread "GC Thread#1"                     [id=21664, stack(0x000000526b500000,0x000000526b600000) (1024K)]
  0x0000015d6603c6f0 WorkerThread "GC Thread#2"                     [id=31452, stack(0x000000526b600000,0x000000526b700000) (1024K)]
  0x0000015d6609e860 WorkerThread "GC Thread#3"                     [id=14500, stack(0x000000526b700000,0x000000526b800000) (1024K)]
  0x0000015d660a5290 WorkerThread "GC Thread#4"                     [id=2664, stack(0x000000526b800000,0x000000526b900000) (1024K)]
  0x0000015d6623b8b0 WorkerThread "GC Thread#5"                     [id=16016, stack(0x000000526b900000,0x000000526ba00000) (1024K)]
  0x0000015d4a153940 ConcurrentGCThread "G1 Main Marker"            [id=15976, stack(0x000000526a500000,0x000000526a600000) (1024K)]
  0x0000015d4a157ec0 WorkerThread "G1 Conc#0"                       [id=17980, stack(0x000000526a600000,0x000000526a700000) (1024K)]
  0x0000015d4a18e650 ConcurrentGCThread "G1 Refine#0"               [id=20236, stack(0x000000526a700000,0x000000526a800000) (1024K)]
  0x0000015d4a18ea80 ConcurrentGCThread "G1 Service"                [id=22256, stack(0x000000526a800000,0x000000526a900000) (1024K)]
Total: 12

Threads with active compile tasks:
C2 CompilerThread0  3453 1193       4       java.lang.invoke.MethodType::makeImpl (109 bytes)
C1 CompilerThread0  3453 1493       2       jdk.internal.misc.Unsafe::putIntUnaligned (79 bytes)
Total: 2

VM state: at safepoint (normal execution)

VM Mutex/Monitor currently owned by a thread:  ([mutex/lock_event])
[0x00007ff9cbcf1468] Threads_lock - owner thread: 0x0000015d61653420
[0x00007ff9cbcf1568] Heap_lock - owner thread: 0x0000015d47c9c2d0

Heap address: 0x0000000084400000, size: 1980 MB, Compressed Oops mode: 32-bit

CDS archive(s) not mapped
Compressed class space mapped at: 0x0000000100000000-0x0000000140000000, reserved size: 1073741824
Narrow klass base: 0x0000000000000000, Narrow klass shift: 3, Narrow klass range: 0x140000000

GC Precious Log:
 CardTable entry size: 512
 Card Set container configuration: InlinePtr #cards 5 size 8 Array Of Cards #cards 12 size 40 Howl #buckets 4 coarsen threshold 1843 Howl Bitmap #cards 512 size 80 coarsen threshold 460 Card regions per heap region 1 cards per card region 2048
 CPUs: 8 total, 8 available
 Memory: 7916M
 Large Page Support: Disabled
 NUMA Support: Disabled
 Compressed Oops: Enabled (32-bit)
 Heap Region Size: 1M
 Heap Min Capacity: 8M
 Heap Initial Capacity: 8M
 Heap Max Capacity: 1980M
 Pre-touch: Disabled
 Parallel Workers: 8
 Concurrent Workers: 2
 Concurrent Refinement Workers: 8
 Periodic GC: Disabled

Heap:
 garbage-first heap   total 11264K, used 4760K [0x0000000084400000, 0x0000000100000000)
  region size 1024K, 1 young (1024K), 1 survivors (1024K)
 Metaspace       used 11053K, committed 11328K, reserved 1114112K
  class space    used 1127K, committed 1280K, reserved 1048576K

Heap Regions: E=young(eden), S=young(survivor), O=old, HS=humongous(starts), HC=humongous(continues), CS=collection set, F=free, TAMS=top-at-mark-start, PB=parsable bottom
|   0|0x0000000084400000, 0x0000000084500000, 0x0000000084500000|100%| O|  |TAMS 0x0000000084500000| PB 0x0000000084400000| Untracked 
|   1|0x0000000084500000, 0x0000000084600000, 0x0000000084600000|100%| O|  |TAMS 0x0000000084600000| PB 0x0000000084500000| Untracked 
|   2|0x0000000084600000, 0x0000000084700000, 0x0000000084700000|100%| O|  |TAMS 0x0000000084700000| PB 0x0000000084600000| Untracked 
|   3|0x0000000084700000, 0x0000000084800000, 0x0000000084800000|100%| O|  |TAMS 0x0000000084800000| PB 0x0000000084700000| Untracked 
|   4|0x0000000084800000, 0x000000008482a960, 0x0000000084900000| 16%| O|  |TAMS 0x000000008482a960| PB 0x0000000084800000| Untracked 
|   5|0x0000000084900000, 0x0000000084900000, 0x0000000084a00000|  0%| F|  |TAMS 0x0000000084900000| PB 0x0000000084900000| Untracked 
|   6|0x0000000084a00000, 0x0000000084a00000, 0x0000000084b00000|  0%| F|  |TAMS 0x0000000084a00000| PB 0x0000000084a00000| Untracked 
|   7|0x0000000084b00000, 0x0000000084b00000, 0x0000000084c00000|  0%| F|  |TAMS 0x0000000084b00000| PB 0x0000000084b00000| Untracked 
|   8|0x0000000084c00000, 0x0000000084c7b940, 0x0000000084d00000| 48%| S|CS|TAMS 0x0000000084c00000| PB 0x0000000084c00000| Complete 
|   9|0x0000000084d00000, 0x0000000084d00000, 0x0000000084e00000|  0%| F|  |TAMS 0x0000000084d00000| PB 0x0000000084d00000| Untracked 
|  10|0x0000000084e00000, 0x0000000084e00000, 0x0000000084f00000|  0%| F|  |TAMS 0x0000000084e00000| PB 0x0000000084e00000| Untracked 

Card table byte_map: [0x0000015d5c940000,0x0000015d5cd20000] _byte_map_base: 0x0000015d5c51e000

Marking Bits: (CMBitMap*) 0x0000015d4a143780
 Bits: [0x0000015d5cd20000, 0x0000015d5ec10000)

Polling page: 0x0000015d47e70000

Metaspace:

Usage:
  Non-class:      9.69 MB used.
      Class:      1.10 MB used.
       Both:     10.79 MB used.

Virtual space:
  Non-class space:       64.00 MB reserved,       9.81 MB ( 15%) committed,  1 nodes.
      Class space:        1.00 GB reserved,       1.25 MB ( <1%) committed,  1 nodes.
             Both:        1.06 GB reserved,      11.06 MB (  1%) committed. 

Chunk freelists:
   Non-Class:  5.95 MB
       Class:  14.57 MB
        Both:  20.52 MB

MaxMetaspaceSize: unlimited
CompressedClassSpaceSize: 1.00 GB
Initial GC threshold: 21.00 MB
Current GC threshold: 21.00 MB
CDS: off
 - commit_granule_bytes: 65536.
 - commit_granule_words: 8192.
 - virtual_space_node_default_size: 8388608.
 - enlarge_chunks_in_place: 1.
 - use_allocation_guard: 0.


Internal statistics:

num_allocs_failed_limit: 0.
num_arena_births: 366.
num_arena_deaths: 0.
num_vsnodes_births: 2.
num_vsnodes_deaths: 0.
num_space_committed: 177.
num_space_uncommitted: 0.
num_chunks_returned_to_freelist: 0.
num_chunks_taken_from_freelist: 476.
num_chunk_merges: 0.
num_chunk_splits: 261.
num_chunks_enlarged: 78.
num_inconsistent_stats: 0.

CodeHeap 'non-profiled nmethods': size=120000Kb used=500Kb max_used=500Kb free=119499Kb
 bounds [0x0000015d54d00000, 0x0000015d54f70000, 0x0000015d5c230000]
CodeHeap 'profiled nmethods': size=120000Kb used=2269Kb max_used=2269Kb free=117730Kb
 bounds [0x0000015d4d230000, 0x0000015d4d4a0000, 0x0000015d54760000]
CodeHeap 'non-nmethods': size=5760Kb used=1359Kb max_used=1366Kb free=4401Kb
 bounds [0x0000015d54760000, 0x0000015d549d0000, 0x0000015d54d00000]
 total_blobs=1944 nmethods=1463 adapters=386
 compilation: enabled
              stopped_count=0, restarted_count=0
 full_count=0

Compilation events (20 events):
Event: 1.352 Thread 0x0000015d6182f110 nmethod 1482 0x0000015d4d464a10 code [0x0000015d4d464bc0, 0x0000015d4d464d60]
Event: 1.352 Thread 0x0000015d6182f110 1483       2       jdk.tools.jlink.internal.PerfectHashBuilder::lambda$collidedEntries$3 (11 bytes)
Event: 1.352 Thread 0x0000015d6182f110 nmethod 1483 0x0000015d4d464e90 code [0x0000015d4d465040, 0x0000015d4d4651a0]
Event: 1.354 Thread 0x0000015d6182f110 1484       1       jdk.tools.jlink.internal.PerfectHashBuilder$Entry::getValue (5 bytes)
Event: 1.354 Thread 0x0000015d6182f110 nmethod 1484 0x0000015d54d7c990 code [0x0000015d54d7cb20, 0x0000015d54d7cbe8]
Event: 1.355 Thread 0x0000015d6182f110 1485       2       jdk.internal.misc.Unsafe::convEndian (16 bytes)
Event: 1.355 Thread 0x0000015d6182f110 nmethod 1485 0x0000015d4d465290 code [0x0000015d4d465420, 0x0000015d4d465540]
Event: 1.355 Thread 0x0000015d6182f110 1487       2       jdk.internal.jimage.ImageStream::putInt (16 bytes)
Event: 1.356 Thread 0x0000015d6182f110 nmethod 1487 0x0000015d4d465610 code [0x0000015d4d4657c0, 0x0000015d4d465940]
Event: 1.356 Thread 0x0000015d6182f110 1488       2       java.nio.HeapByteBuffer::putInt (31 bytes)
Event: 1.356 Thread 0x0000015d6182f110 nmethod 1488 0x0000015d4d465a10 code [0x0000015d4d465c20, 0x0000015d4d465fe8]
Event: 1.356 Thread 0x0000015d6182f110 1489       2       java.nio.Buffer::nextPutIndex (32 bytes)
Event: 1.357 Thread 0x0000015d6182f110 nmethod 1489 0x0000015d4d466290 code [0x0000015d4d466440, 0x0000015d4d4665c8]
Event: 1.357 Thread 0x0000015d6182f110 1490   !   2       jdk.internal.misc.ScopedMemoryAccess::putIntUnaligned (23 bytes)
Event: 1.357 Thread 0x0000015d6182f110 nmethod 1490 0x0000015d4d466690 code [0x0000015d4d466860, 0x0000015d4d466aa8]
Event: 1.357 Thread 0x0000015d6182f110 1491   !   2       jdk.internal.misc.ScopedMemoryAccess::putIntUnalignedInternal (37 bytes)
Event: 1.357 Thread 0x0000015d6182f110 nmethod 1491 0x0000015d4d466c90 code [0x0000015d4d466e40, 0x0000015d4d467000]
Event: 1.357 Thread 0x0000015d6182f110 1492       2       jdk.internal.misc.Unsafe::putIntUnaligned (14 bytes)
Event: 1.358 Thread 0x0000015d6182f110 nmethod 1492 0x0000015d4d467110 code [0x0000015d4d4672a0, 0x0000015d4d4673e8]
Event: 1.358 Thread 0x0000015d6182f110 1493       2       jdk.internal.misc.Unsafe::putIntUnaligned (79 bytes)

GC Heap History (19 events):
Event: 0.246 GC heap before
{Heap before GC invocations=0 (full 0):
 garbage-first heap   total 8192K, used 3072K [0x0000000084400000, 0x0000000100000000)
  region size 1024K, 3 young (3072K), 0 survivors (0K)
 Metaspace       used 7651K, committed 7744K, reserved 1114112K
  class space    used 714K, committed 768K, reserved 1048576K
}
Event: 0.249 GC heap after
{Heap after GC invocations=1 (full 0):
 garbage-first heap   total 8192K, used 928K [0x0000000084400000, 0x0000000100000000)
  region size 1024K, 1 young (1024K), 1 survivors (1024K)
 Metaspace       used 7651K, committed 7744K, reserved 1114112K
  class space    used 714K, committed 768K, reserved 1048576K
}
Event: 0.341 GC heap before
{Heap before GC invocations=1 (full 0):
 garbage-first heap   total 8192K, used 2976K [0x0000000084400000, 0x0000000100000000)
  region size 1024K, 3 young (3072K), 1 survivors (1024K)
 Metaspace       used 9192K, committed 9344K, reserved 1114112K
  class space    used 884K, committed 960K, reserved 1048576K
}
Event: 0.344 GC heap after
{Heap after GC invocations=2 (full 0):
 garbage-first heap   total 8192K, used 1174K [0x0000000084400000, 0x0000000100000000)
  region size 1024K, 1 young (1024K), 1 survivors (1024K)
 Metaspace       used 9192K, committed 9344K, reserved 1114112K
  class space    used 884K, committed 960K, reserved 1048576K
}
Event: 0.391 GC heap before
{Heap before GC invocations=2 (full 0):
 garbage-first heap   total 8192K, used 3222K [0x0000000084400000, 0x0000000100000000)
  region size 1024K, 3 young (3072K), 1 survivors (1024K)
 Metaspace       used 9589K, committed 9792K, reserved 1114112K
  class space    used 939K, committed 1024K, reserved 1048576K
}
Event: 0.393 GC heap after
{Heap after GC invocations=3 (full 0):
 garbage-first heap   total 8192K, used 2487K [0x0000000084400000, 0x0000000100000000)
  region size 1024K, 1 young (1024K), 1 survivors (1024K)
 Metaspace       used 9589K, committed 9792K, reserved 1114112K
  class space    used 939K, committed 1024K, reserved 1048576K
}
Event: 0.457 GC heap before
{Heap before GC invocations=3 (full 0):
 garbage-first heap   total 8192K, used 3511K [0x0000000084400000, 0x0000000100000000)
  region size 1024K, 2 young (2048K), 1 survivors (1024K)
 Metaspace       used 9882K, committed 10112K, reserved 1114112K
  class space    used 974K, committed 1088K, reserved 1048576K
}
Event: 0.460 GC heap after
{Heap after GC invocations=4 (full 0):
 garbage-first heap   total 8192K, used 2997K [0x0000000084400000, 0x0000000100000000)
  region size 1024K, 1 young (1024K), 1 survivors (1024K)
 Metaspace       used 9882K, committed 10112K, reserved 1114112K
  class space    used 974K, committed 1088K, reserved 1048576K
}
Event: 0.497 GC heap before
{Heap before GC invocations=4 (full 0):
 garbage-first heap   total 8192K, used 4021K [0x0000000084400000, 0x0000000100000000)
  region size 1024K, 2 young (2048K), 1 survivors (1024K)
 Metaspace       used 9951K, committed 10176K, reserved 1114112K
  class space    used 974K, committed 1088K, reserved 1048576K
}
Event: 0.500 GC heap after
{Heap after GC invocations=5 (full 0):
 garbage-first heap   total 11264K, used 3379K [0x0000000084400000, 0x0000000100000000)
  region size 1024K, 1 young (1024K), 1 survivors (1024K)
 Metaspace       used 9951K, committed 10176K, reserved 1114112K
  class space    used 974K, committed 1088K, reserved 1048576K
}
Event: 0.616 GC heap before
{Heap before GC invocations=5 (full 0):
 garbage-first heap   total 11264K, used 5427K [0x0000000084400000, 0x0000000100000000)
  region size 1024K, 3 young (3072K), 1 survivors (1024K)
 Metaspace       used 10335K, committed 10624K, reserved 1114112K
  class space    used 1053K, committed 1216K, reserved 1048576K
}
Event: 0.619 GC heap after
{Heap after GC invocations=6 (full 0):
 garbage-first heap   total 11264K, used 3318K [0x0000000084400000, 0x0000000100000000)
  region size 1024K, 1 young (1024K), 1 survivors (1024K)
 Metaspace       used 10335K, committed 10624K, reserved 1114112K
  class space    used 1053K, committed 1216K, reserved 1048576K
}
Event: 1.004 GC heap before
{Heap before GC invocations=6 (full 0):
 garbage-first heap   total 11264K, used 6390K [0x0000000084400000, 0x0000000100000000)
  region size 1024K, 4 young (4096K), 1 survivors (1024K)
 Metaspace       used 10792K, committed 11072K, reserved 1114112K
  class space    used 1112K, committed 1280K, reserved 1048576K
}
Event: 1.007 GC heap after
{Heap after GC invocations=7 (full 0):
 garbage-first heap   total 11264K, used 3643K [0x0000000084400000, 0x0000000100000000)
  region size 1024K, 1 young (1024K), 1 survivors (1024K)
 Metaspace       used 10792K, committed 11072K, reserved 1114112K
  class space    used 1112K, committed 1280K, reserved 1048576K
}
Event: 1.248 GC heap before
{Heap before GC invocations=7 (full 0):
 garbage-first heap   total 11264K, used 6715K [0x0000000084400000, 0x0000000100000000)
  region size 1024K, 4 young (4096K), 1 survivors (1024K)
 Metaspace       used 10960K, committed 11264K, reserved 1114112K
  class space    used 1117K, committed 1280K, reserved 1048576K
}
Event: 1.251 GC heap after
{Heap after GC invocations=8 (full 0):
 garbage-first heap   total 11264K, used 4272K [0x0000000084400000, 0x0000000100000000)
  region size 1024K, 1 young (1024K), 1 survivors (1024K)
 Metaspace       used 10960K, committed 11264K, reserved 1114112K
  class space    used 1117K, committed 1280K, reserved 1048576K
}
Event: 1.295 GC heap before
{Heap before GC invocations=8 (full 0):
 garbage-first heap   total 11264K, used 7344K [0x0000000084400000, 0x0000000100000000)
  region size 1024K, 4 young (4096K), 1 survivors (1024K)
 Metaspace       used 11004K, committed 11328K, reserved 1114112K
  class space    used 1121K, committed 1280K, reserved 1048576K
}
Event: 1.299 GC heap after
{Heap after GC invocations=9 (full 0):
 garbage-first heap   total 11264K, used 4789K [0x0000000084400000, 0x0000000100000000)
  region size 1024K, 1 young (1024K), 1 survivors (1024K)
 Metaspace       used 11004K, committed 11328K, reserved 1114112K
  class space    used 1121K, committed 1280K, reserved 1048576K
}
Event: 1.358 GC heap before
{Heap before GC invocations=9 (full 0):
 garbage-first heap   total 11264K, used 6837K [0x0000000084400000, 0x0000000100000000)
  region size 1024K, 3 young (3072K), 1 survivors (1024K)
 Metaspace       used 11053K, committed 11328K, reserved 1114112K
  class space    used 1127K, committed 1280K, reserved 1048576K
}

Dll operation events (2 events):
Event: 0.013 Loaded shared library C:\Program Files\Android\Android Studio\jbr\bin\java.dll
Event: 0.018 Loaded shared library C:\Program Files\Android\Android Studio\jbr\bin\zip.dll

Deoptimization events (20 events):
Event: 0.752 Thread 0x0000015d47c9c2d0 Uncommon trap: trap_request=0xffffffde fr.pc=0x0000015d54d78ac4 relative=0x0000000000000124
Event: 0.752 Thread 0x0000015d47c9c2d0 Uncommon trap: reason=class_check action=maybe_recompile pc=0x0000015d54d78ac4 method=jdk.internal.misc.Unsafe.allocateUninitializedArray(Ljava/lang/Class;I)Ljava/lang/Object; @ 51 c2
Event: 0.752 Thread 0x0000015d47c9c2d0 DEOPT PACKING pc=0x0000015d54d78ac4 sp=0x000000526a3feaf0
Event: 0.752 Thread 0x0000015d47c9c2d0 DEOPT UNPACKING pc=0x0000015d547b46a2 sp=0x000000526a3fea68 mode 2
Event: 0.755 Thread 0x0000015d47c9c2d0 Uncommon trap: trap_request=0xffffffde fr.pc=0x0000015d54d78ac4 relative=0x0000000000000124
Event: 0.755 Thread 0x0000015d47c9c2d0 Uncommon trap: reason=class_check action=maybe_recompile pc=0x0000015d54d78ac4 method=jdk.internal.misc.Unsafe.allocateUninitializedArray(Ljava/lang/Class;I)Ljava/lang/Object; @ 51 c2
Event: 0.755 Thread 0x0000015d47c9c2d0 DEOPT PACKING pc=0x0000015d54d78ac4 sp=0x000000526a3fec90
Event: 0.755 Thread 0x0000015d47c9c2d0 DEOPT UNPACKING pc=0x0000015d547b46a2 sp=0x000000526a3fec08 mode 2
Event: 0.755 Thread 0x0000015d47c9c2d0 Uncommon trap: trap_request=0xffffffde fr.pc=0x0000015d54d78ac4 relative=0x0000000000000124
Event: 0.755 Thread 0x0000015d47c9c2d0 Uncommon trap: reason=class_check action=maybe_recompile pc=0x0000015d54d78ac4 method=jdk.internal.misc.Unsafe.allocateUninitializedArray(Ljava/lang/Class;I)Ljava/lang/Object; @ 51 c2
Event: 0.755 Thread 0x0000015d47c9c2d0 DEOPT PACKING pc=0x0000015d54d78ac4 sp=0x000000526a3feaf0
Event: 0.755 Thread 0x0000015d47c9c2d0 DEOPT UNPACKING pc=0x0000015d547b46a2 sp=0x000000526a3fea68 mode 2
Event: 0.839 Thread 0x0000015d47c9c2d0 Uncommon trap: trap_request=0xffffff45 fr.pc=0x0000015d54d39258 relative=0x00000000000011b8
Event: 0.839 Thread 0x0000015d47c9c2d0 Uncommon trap: reason=unstable_if action=reinterpret pc=0x0000015d54d39258 method=java.util.LinkedHashMap.linkNodeAtEnd(Ljava/util/LinkedHashMap$Entry;)V @ 54 c2
Event: 0.839 Thread 0x0000015d47c9c2d0 DEOPT PACKING pc=0x0000015d54d39258 sp=0x000000526a3fde30
Event: 0.839 Thread 0x0000015d47c9c2d0 DEOPT UNPACKING pc=0x0000015d547b46a2 sp=0x000000526a3fdc70 mode 2
Event: 1.306 Thread 0x0000015d47c9c2d0 DEOPT PACKING pc=0x0000015d4d44b17d sp=0x000000526a3feeb0
Event: 1.306 Thread 0x0000015d47c9c2d0 DEOPT UNPACKING pc=0x0000015d547b4e42 sp=0x000000526a3fe378 mode 0
Event: 1.308 Thread 0x0000015d47c9c2d0 DEOPT PACKING pc=0x0000015d4d44bda5 sp=0x000000526a3fed80
Event: 1.308 Thread 0x0000015d47c9c2d0 DEOPT UNPACKING pc=0x0000015d547b4e42 sp=0x000000526a3fe258 mode 0

Classes loaded (20 events):
Event: 0.969 Loading class java/util/Formatter$FormatSpecifier
Event: 0.970 Loading class java/util/Formatter$FormatString
Event: 0.970 Loading class java/util/Formatter$FormatString done
Event: 0.971 Loading class java/util/Formatter$FormatSpecifier done
Event: 0.971 Loading class java/util/Formatter$FixedString
Event: 0.971 Loading class java/util/Formatter$FixedString done
Event: 0.971 Loading class java/util/Formattable
Event: 0.971 Loading class java/util/Formattable done
Event: 0.971 Loading class java/util/Formatter$Flags
Event: 0.972 Loading class java/util/Formatter$Flags done
Event: 1.116 Loading class java/util/ComparableTimSort
Event: 1.116 Loading class java/util/ComparableTimSort done
Event: 1.125 Loading class java/util/regex/Matcher
Event: 1.126 Loading class java/util/regex/MatchResult
Event: 1.126 Loading class java/util/regex/MatchResult done
Event: 1.126 Loading class java/util/regex/Matcher done
Event: 1.127 Loading class java/util/regex/IntHashSet
Event: 1.127 Loading class java/util/regex/IntHashSet done
Event: 1.326 Loading class java/util/stream/SortedOps$RefSortingSink
Event: 1.326 Loading class java/util/stream/SortedOps$RefSortingSink done

Classes unloaded (0 events):
No events

Classes redefined (0 events):
No events

Internal exceptions (20 events):
Event: 0.334 Thread 0x0000015d47c9c2d0 Exception <a 'sun/nio/fs/WindowsException'{0x0000000084accaf8}> (0x0000000084accaf8) 
thrown [s\src\hotspot\share\prims\jni.cpp, line 537]
Event: 0.334 Thread 0x0000015d47c9c2d0 Exception <a 'sun/nio/fs/WindowsException'{0x0000000084adff60}> (0x0000000084adff60) 
thrown [s\src\hotspot\share\prims\jni.cpp, line 537]
Event: 0.340 Thread 0x0000015d47c9c2d0 Exception <a 'java/lang/NoSuchMethodError'{0x0000000084afcf08}: 'void java.lang.invoke.DirectMethodHandle$Holder.invokeSpecial(java.lang.Object, java.lang.Object, java.lang.Object)'> (0x0000000084afcf08) 
thrown [s\src\hotspot\share\interpreter\linkResolver.cpp, line 784]
Event: 0.399 Thread 0x0000015d47c9c2d0 Exception <a 'java/lang/NoSuchMethodError'{0x0000000084b2c420}: 'java.lang.Object java.lang.invoke.Invokers$Holder.invokeExact_MT(java.lang.Object, java.lang.Object, java.lang.Object, java.lang.Object, java.lang.Object, java.lang.Object)'> (0x0000000084b2c420) 
thrown [s\src\hotspot\share\interpreter\linkResolver.cpp, line 784]
Event: 0.504 Thread 0x0000015d47c9c2d0 Exception <a 'java/lang/NoSuchMethodError'{0x0000000084e19030}: 'int java.lang.invoke.DirectMethodHandle$Holder.invokeSpecial(java.lang.Object, java.lang.Object, java.lang.Object, java.lang.Object)'> (0x0000000084e19030) 
thrown [s\src\hotspot\share\interpreter\linkResolver.cpp, line 784]
Event: 0.509 Thread 0x0000015d47c9c2d0 Exception <a 'java/lang/NoSuchMethodError'{0x0000000084e37228}: 'java.lang.Object java.lang.invoke.DirectMethodHandle$Holder.invokeSpecial(java.lang.Object, java.lang.Object, java.lang.Object, java.lang.Object, double)'> (0x0000000084e37228) 
thrown [s\src\hotspot\share\interpreter\linkResolver.cpp, line 784]
Event: 0.510 Thread 0x0000015d47c9c2d0 Exception <a 'java/lang/NoSuchMethodError'{0x0000000084e3e500}: 'java.lang.Object java.lang.invoke.DirectMethodHandle$Holder.invokeSpecial(java.lang.Object, java.lang.Object, java.lang.Object, java.lang.Object, float)'> (0x0000000084e3e500) 
thrown [s\src\hotspot\share\interpreter\linkResolver.cpp, line 784]
Event: 0.514 Thread 0x0000015d47c9c2d0 Exception <a 'java/lang/NoSuchMethodError'{0x0000000084e53b10}: 'java.lang.Object java.lang.invoke.DirectMethodHandle$Holder.invokeSpecial(java.lang.Object, java.lang.Object, java.lang.Object, java.lang.Object, int)'> (0x0000000084e53b10) 
thrown [s\src\hotspot\share\interpreter\linkResolver.cpp, line 784]
Event: 0.517 Thread 0x0000015d47c9c2d0 Exception <a 'java/lang/NoSuchMethodError'{0x0000000084e61478}: 'java.lang.Object java.lang.invoke.DirectMethodHandle$Holder.invokeSpecial(java.lang.Object, java.lang.Object, java.lang.Object, java.lang.Object, long)'> (0x0000000084e61478) 
thrown [s\src\hotspot\share\interpreter\linkResolver.cpp, line 784]
Event: 0.522 Thread 0x0000015d47c9c2d0 Exception <a 'java/lang/NoSuchMethodError'{0x0000000084e8fe50}: 'java.lang.Object java.lang.invoke.DirectMethodHandle$Holder.invokeSpecial(java.lang.Object, java.lang.Object, java.lang.Object, double, java.lang.Object)'> (0x0000000084e8fe50) 
thrown [s\src\hotspot\share\interpreter\linkResolver.cpp, line 784]
Event: 0.537 Thread 0x0000015d47c9c2d0 Exception <a 'java/lang/NoSuchMethodError'{0x0000000084ebddc0}: 'java.lang.Object java.lang.invoke.DirectMethodHandle$Holder.invokeSpecial(java.lang.Object, java.lang.Object, java.lang.Object, int, java.lang.Object)'> (0x0000000084ebddc0) 
thrown [s\src\hotspot\share\interpreter\linkResolver.cpp, line 784]
Event: 0.588 Thread 0x0000015d47c9c2d0 Exception <a 'java/lang/NoSuchMethodError'{0x0000000084d61c50}: 'java.lang.Object java.lang.invoke.DirectMethodHandle$Holder.invokeSpecial(java.lang.Object, java.lang.Object, java.lang.Object, java.lang.Object, java.lang.Object, long)'> (0x0000000084d61c50) 
thrown [s\src\hotspot\share\interpreter\linkResolver.cpp, line 784]
Event: 0.589 Thread 0x0000015d47c9c2d0 Exception <a 'java/lang/NoSuchMethodError'{0x0000000084d68868}: 'int java.lang.invoke.DirectMethodHandle$Holder.invokeSpecial(java.lang.Object, java.lang.Object, java.lang.Object, java.lang.Object, java.lang.Object)'> (0x0000000084d68868) 
thrown [s\src\hotspot\share\interpreter\linkResolver.cpp, line 784]
Event: 0.591 Thread 0x0000015d47c9c2d0 Exception <a 'java/lang/NoSuchMethodError'{0x0000000084d6f878}: 'java.lang.Object java.lang.invoke.DirectMethodHandle$Holder.invokeSpecial(java.lang.Object, java.lang.Object, java.lang.Object, java.lang.Object, java.lang.Object, java.lang.Object, long)'> (0x0000000084d6f878) 
thrown [s\src\hotspot\share\interpreter\linkResolver.cpp, line 784]
Event: 0.593 Thread 0x0000015d47c9c2d0 Exception <a 'java/lang/NoSuchMethodError'{0x0000000084d7a128}: 'java.lang.Object java.lang.invoke.DirectMethodHandle$Holder.invokeSpecial(java.lang.Object, java.lang.Object, java.lang.Object, java.lang.Object, java.lang.Object, java.lang.Object, java.lang.Object, long)'> (0x0000000084d7a128) 
thrown [s\src\hotspot\share\interpreter\linkResolver.cpp, line 784]
Event: 0.602 Thread 0x0000015d47c9c2d0 Exception <a 'java/lang/NoSuchMethodError'{0x0000000084db2fd8}: 'int java.lang.invoke.DirectMethodHandle$Holder.invokeSpecial(java.lang.Object, java.lang.Object, int)'> (0x0000000084db2fd8) 
thrown [s\src\hotspot\share\interpreter\linkResolver.cpp, line 784]
Event: 0.615 Thread 0x0000015d47c9c2d0 Exception <a 'java/lang/NoSuchMethodError'{0x0000000084ded1a0}: 'int java.lang.invoke.DirectMethodHandle$Holder.invokeSpecial(java.lang.Object, java.lang.Object, java.lang.Object, int)'> (0x0000000084ded1a0) 
thrown [s\src\hotspot\share\interpreter\linkResolver.cpp, line 784]
Event: 0.851 Thread 0x0000015d47c9c2d0 Exception <a 'java/lang/IncompatibleClassChangeError'{0x0000000084b59f98}: Found class java.lang.Object, but interface was expected> (0x0000000084b59f98) 
thrown [s\src\hotspot\share\interpreter\linkResolver.cpp, line 851]
Event: 0.973 Thread 0x0000015d47c9c2d0 Exception <a 'java/lang/NoSuchMethodError'{0x0000000084bddd28}: 'void java.lang.invoke.DirectMethodHandle$Holder.invokeStatic(java.lang.Object, java.lang.Object, java.lang.Object, java.lang.Object, java.lang.Object, java.lang.Object, java.lang.Object)'> (0x0000000084bddd28) 
thrown [s\src\hotspot\share\interpreter\linkResolver.cpp, line 784]
Event: 0.982 Thread 0x0000015d47c9c2d0 Exception <a 'java/lang/NoSuchMethodError'{0x0000000084be4e98}: 'java.lang.Object java.lang.invoke.DirectMethodHandle$Holder.newInvokeSpecial(java.lang.Object, java.lang.Object, java.lang.Object, java.lang.Object, java.lang.Object, java.lang.Object)'> (0x0000000084be4e98) 
thrown [s\src\hotspot\share\interpreter\linkResolver.cpp, line 784]

ZGC Phase Switch (0 events):
No events

VM Operations (20 events):
Event: 0.249 Executing VM operation: G1CollectForAllocation (G1 Evacuation Pause) done
Event: 0.341 Executing VM operation: G1CollectForAllocation (G1 Evacuation Pause)
Event: 0.344 Executing VM operation: G1CollectForAllocation (G1 Evacuation Pause) done
Event: 0.391 Executing VM operation: G1CollectForAllocation (G1 Evacuation Pause)
Event: 0.393 Executing VM operation: G1CollectForAllocation (G1 Evacuation Pause) done
Event: 0.401 Executing VM operation: HandshakeAllThreads (Deoptimize)
Event: 0.401 Executing VM operation: HandshakeAllThreads (Deoptimize) done
Event: 0.457 Executing VM operation: G1CollectForAllocation (G1 Evacuation Pause)
Event: 0.460 Executing VM operation: G1CollectForAllocation (G1 Evacuation Pause) done
Event: 0.497 Executing VM operation: G1CollectForAllocation (G1 Evacuation Pause)
Event: 0.500 Executing VM operation: G1CollectForAllocation (G1 Evacuation Pause) done
Event: 0.616 Executing VM operation: G1CollectForAllocation (G1 Evacuation Pause)
Event: 0.619 Executing VM operation: G1CollectForAllocation (G1 Evacuation Pause) done
Event: 1.004 Executing VM operation: G1CollectForAllocation (G1 Evacuation Pause)
Event: 1.007 Executing VM operation: G1CollectForAllocation (G1 Evacuation Pause) done
Event: 1.248 Executing VM operation: G1CollectForAllocation (G1 Evacuation Pause)
Event: 1.251 Executing VM operation: G1CollectForAllocation (G1 Evacuation Pause) done
Event: 1.295 Executing VM operation: G1CollectForAllocation (G1 Evacuation Pause)
Event: 1.299 Executing VM operation: G1CollectForAllocation (G1 Evacuation Pause) done
Event: 1.358 Executing VM operation: G1CollectForAllocation (G1 Evacuation Pause)

Memory protections (0 events):
No events

Nmethod flushes (0 events):
No events

Events (15 events):
Event: 0.017 Thread 0x0000015d47c9c2d0 Thread added: 0x0000015d47c9c2d0
Event: 0.066 Thread 0x0000015d47c9c2d0 Thread added: 0x0000015d6169dbe0
Event: 0.072 Thread 0x0000015d47c9c2d0 Thread added: 0x0000015d617c1460
Event: 0.072 Thread 0x0000015d47c9c2d0 Thread added: 0x0000015d617c0400
Event: 0.073 Thread 0x0000015d47c9c2d0 Thread added: 0x0000015d617eac60
Event: 0.073 Thread 0x0000015d47c9c2d0 Thread added: 0x0000015d617ef2e0
Event: 0.073 Thread 0x0000015d47c9c2d0 Thread added: 0x0000015d61800af0
Event: 0.073 Thread 0x0000015d47c9c2d0 Thread added: 0x0000015d61809ce0
Event: 0.073 Thread 0x0000015d47c9c2d0 Thread added: 0x0000015d6182ca50
Event: 0.073 Thread 0x0000015d47c9c2d0 Thread added: 0x0000015d6182f110
Event: 0.156 Thread 0x0000015d47c9c2d0 Thread added: 0x0000015d61abdf50
Event: 0.168 Loaded shared library C:\Program Files\Android\Android Studio\jbr\bin\jimage.dll
Event: 0.176 Loaded shared library C:\Program Files\Android\Android Studio\jbr\bin\zip.dll
Event: 0.240 Loaded shared library C:\Program Files\Android\Android Studio\jbr\bin\net.dll
Event: 0.243 Loaded shared library C:\Program Files\Android\Android Studio\jbr\bin\nio.dll


Dynamic libraries:
0x00007ff717910000 - 0x00007ff717918000 	C:\Program Files\Android\Android Studio\jbr\bin\jlink.exe
0x00007ffa83180000 - 0x00007ffa833e9000 	C:\WINDOWS\SYSTEM32\ntdll.dll
0x00007ffa577a0000 - 0x00007ffa577c0000 	C:\Program Files\AVG\Antivirus\aswhook.dll
0x00007ffa81b10000 - 0x00007ffa81bd9000 	C:\WINDOWS\System32\KERNEL32.DLL
0x00007ffa80460000 - 0x00007ffa80853000 	C:\WINDOWS\System32\KERNELBASE.dll
0x00007ffa7cf00000 - 0x00007ffa7cf9e000 	C:\WINDOWS\SYSTEM32\apphelp.dll
0x00007ffa80310000 - 0x00007ffa8045b000 	C:\WINDOWS\System32\ucrtbase.dll
0x00007ffa6a390000 - 0x00007ffa6a3ab000 	C:\Program Files\Android\Android Studio\jbr\bin\VCRUNTIME140.dll
0x00007ffa56ed0000 - 0x00007ffa56ee8000 	C:\Program Files\Android\Android Studio\jbr\bin\jli.dll
0x00007ffa81df0000 - 0x00007ffa81fb4000 	C:\WINDOWS\System32\USER32.dll
0x00007ffa80860000 - 0x00007ffa80887000 	C:\WINDOWS\System32\win32u.dll
0x00007ffa81050000 - 0x00007ffa8107b000 	C:\WINDOWS\System32\GDI32.dll
0x00007ffa5fe20000 - 0x00007ffa600b3000 	C:\WINDOWS\WinSxS\amd64_microsoft.windows.common-controls_6595b64144ccf1df_6.0.26100.5074_none_3e0d6f78e32fd63f\COMCTL32.dll
0x00007ffa809e0000 - 0x00007ffa80b0d000 	C:\WINDOWS\System32\gdi32full.dll
0x00007ffa80c80000 - 0x00007ffa80d23000 	C:\WINDOWS\System32\msvcp_win.dll
0x00007ffa81be0000 - 0x00007ffa81c89000 	C:\WINDOWS\System32\msvcrt.dll
0x00007ffa81db0000 - 0x00007ffa81ddf000 	C:\WINDOWS\System32\IMM32.DLL
0x00007ffa7cc30000 - 0x00007ffa7cc3c000 	C:\Program Files\Android\Android Studio\jbr\bin\vcruntime140_1.dll
0x00007ffa48930000 - 0x00007ffa489bd000 	C:\Program Files\Android\Android Studio\jbr\bin\msvcp140.dll
0x00007ff9cb140000 - 0x00007ff9cbdce000 	C:\Program Files\Android\Android Studio\jbr\bin\server\jvm.dll
0x00007ffa818c0000 - 0x00007ffa81974000 	C:\WINDOWS\System32\ADVAPI32.dll
0x00007ffa81a60000 - 0x00007ffa81b06000 	C:\WINDOWS\System32\sechost.dll
0x00007ffa81640000 - 0x00007ffa81758000 	C:\WINDOWS\System32\RPCRT4.dll
0x00007ffa82a30000 - 0x00007ffa82aa4000 	C:\WINDOWS\System32\WS2_32.dll
0x00007ffa80190000 - 0x00007ffa801ee000 	C:\WINDOWS\SYSTEM32\POWRPROF.dll
0x00007ffa76e20000 - 0x00007ffa76e2b000 	C:\WINDOWS\SYSTEM32\VERSION.dll
0x00007ffa77530000 - 0x00007ffa77565000 	C:\WINDOWS\SYSTEM32\WINMM.dll
0x00007ffa80170000 - 0x00007ffa80184000 	C:\WINDOWS\SYSTEM32\UMPDC.dll
0x00007ffa7f0f0000 - 0x00007ffa7f10b000 	C:\WINDOWS\SYSTEM32\kernel.appcore.dll
0x00007ffa6ec90000 - 0x00007ffa6ec9a000 	C:\Program Files\Android\Android Studio\jbr\bin\jimage.dll
0x00007ffa7d9d0000 - 0x00007ffa7dc12000 	C:\WINDOWS\SYSTEM32\DBGHELP.DLL
0x00007ffa812c0000 - 0x00007ffa8163b000 	C:\WINDOWS\System32\combase.dll
0x00007ffa817e0000 - 0x00007ffa818b7000 	C:\WINDOWS\System32\OLEAUT32.dll
0x00007ffa6dc10000 - 0x00007ffa6dc4d000 	C:\WINDOWS\SYSTEM32\dbgcore.DLL
0x00007ffa80eb0000 - 0x00007ffa80f49000 	C:\WINDOWS\System32\bcryptPrimitives.dll
0x00007ffa6a2e0000 - 0x00007ffa6a300000 	C:\Program Files\Android\Android Studio\jbr\bin\java.dll
0x00007ffa6a2c0000 - 0x00007ffa6a2d8000 	C:\Program Files\Android\Android Studio\jbr\bin\zip.dll
0x00007ffa82270000 - 0x00007ffa829bd000 	C:\WINDOWS\System32\SHELL32.dll
0x00007ffa80b10000 - 0x00007ffa80c7c000 	C:\WINDOWS\System32\wintypes.dll
0x00007ffa7df90000 - 0x00007ffa7e7e9000 	C:\WINDOWS\SYSTEM32\windows.storage.dll
0x00007ffa80f50000 - 0x00007ffa81040000 	C:\WINDOWS\System32\SHCORE.dll
0x00007ffa829c0000 - 0x00007ffa82a22000 	C:\WINDOWS\System32\shlwapi.dll
0x00007ffa80230000 - 0x00007ffa80259000 	C:\WINDOWS\SYSTEM32\profapi.dll
0x00007ffa6e8a0000 - 0x00007ffa6e8b0000 	C:\Program Files\Android\Android Studio\jbr\bin\net.dll
0x00007ffa7a510000 - 0x00007ffa7a62f000 	C:\WINDOWS\SYSTEM32\WINHTTP.dll
0x00007ffa7f670000 - 0x00007ffa7f6db000 	C:\WINDOWS\system32\mswsock.dll
0x00007ffa5d960000 - 0x00007ffa5d976000 	C:\Program Files\Android\Android Studio\jbr\bin\nio.dll

dbghelp: loaded successfully - version: 4.0.5 - missing functions: none
symbol engine: initialized successfully - sym options: 0x614 - pdb path: .;C:\Program Files\Android\Android Studio\jbr\bin;C:\WINDOWS\SYSTEM32;C:\Program Files\AVG\Antivirus;C:\WINDOWS\WinSxS\amd64_microsoft.windows.common-controls_6595b64144ccf1df_6.0.26100.5074_none_3e0d6f78e32fd63f;C:\Program Files\Android\Android Studio\jbr\bin\server

VM Arguments:
jvm_args: -Dapplication.home=C:\Program Files\Android\Android Studio\jbr --add-modules=ALL-DEFAULT -Xms8m -Djdk.module.main=jdk.jlink 
java_command: jdk.jlink/jdk.tools.jlink.internal.Main --module-path C:\Users\Lenov\.gradle\caches\8.13\transforms\d89adf8cf01c0dce62d2eb70e8bebe08-5c96e99d-eaab-4503-a91f-8535c5ca80ac\transformed\output\temp\jmod --add-modules java.base --output C:\Users\Lenov\.gradle\caches\8.13\transforms\d89adf8cf01c0dce62d2eb70e8bebe08-5c96e99d-eaab-4503-a91f-8535c5ca80ac\transformed\output\jdkImage --disable-plugin system-modules
java_class_path (initial): <not set>
Launcher Type: SUN_STANDARD

[Global flags]
     intx CICompilerCount                          = 4                                         {product} {ergonomic}
     uint ConcGCThreads                            = 2                                         {product} {ergonomic}
     uint G1ConcRefinementThreads                  = 8                                         {product} {ergonomic}
   size_t G1HeapRegionSize                         = 1048576                                   {product} {ergonomic}
    uintx GCDrainStackTargetSize                   = 64                                        {product} {ergonomic}
   size_t InitialHeapSize                          = 8388608                                   {product} {command line}
   size_t MarkStackSize                            = 4194304                                   {product} {ergonomic}
   size_t MaxHeapSize                              = 2076180480                                {product} {ergonomic}
   size_t MaxNewSize                               = 1245708288                                {product} {ergonomic}
   size_t MinHeapDeltaBytes                        = 1048576                                   {product} {ergonomic}
   size_t MinHeapSize                              = 8388608                                   {product} {command line}
    uintx NonNMethodCodeHeapSize                   = 5839372                                {pd product} {ergonomic}
    uintx NonProfiledCodeHeapSize                  = 122909434                              {pd product} {ergonomic}
    uintx ProfiledCodeHeapSize                     = 122909434                              {pd product} {ergonomic}
    uintx ReservedCodeCacheSize                    = 251658240                              {pd product} {ergonomic}
     bool SegmentedCodeCache                       = true                                      {product} {ergonomic}
   size_t SoftMaxHeapSize                          = 2076180480                             {manageable} {ergonomic}
     bool UseCompressedOops                        = true                           {product lp64_product} {ergonomic}
     bool UseG1GC                                  = true                                      {product} {ergonomic}
     bool UseLargePagesIndividualAllocation        = false                                  {pd product} {ergonomic}

Logging:
Log output configuration:
 #0: stdout all=warning uptime,level,tags foldmultilines=false
 #1: stderr all=off uptime,level,tags foldmultilines=false

Environment Variables:
PATH=C:\WINDOWS\system32;C:\WINDOWS;C:\WINDOWS\System32\Wbem;C:\WINDOWS\System32\WindowsPowerShell\v1.0\;C:\WINDOWS\System32\OpenSSH\;C:\Program Files\dotnet\;C:\Users\Lenov\AppData\Local\Microsoft\WindowsApps;C:\Users\Lenov\AppData\Local\Programs\Microsoft VS Code\bin;C:\Users\Lenov\.dotnet\tools;C:\Users\Lenov\AppData\Local\GitHubDesktop\bin;
USERNAME=Lenov
OS=Windows_NT
PROCESSOR_IDENTIFIER=Intel64 Family 6 Model 154 Stepping 4, GenuineIntel
TMP=C:\Users\Lenov\AppData\Local\Temp
TEMP=C:\Users\Lenov\AppData\Local\Temp




Periodic native trim disabled

JNI global refs:
JNI global refs: 8, weak refs: 2

JNI global refs memory usage: 835, weak refs: 833

Process memory usage:
Resident Set Size: 79564K (0% of 8106488K total physical memory with 16080K free physical memory)

OOME stack traces (most recent first):
Classloader memory used:
Loader bootstrap                                                                       : 10218K
Loader jdk.internal.loader.ClassLoaders$AppClassLoader                                 : 764K
Loader jdk.internal.loader.ClassLoaders$PlatformClassLoader                            : 71584B

---------------  S Y S T E M  ---------------

OS:
 Windows 11 , 64 bit Build 26100 (10.0.26100.5074)
OS uptime: 26 days 16:32 hours

CPU: total 8 (initial active 8) (4 cores per cpu, 2 threads per core) family 6 model 154 stepping 4 microcode 0x41f, cx8, cmov, fxsr, ht, mmx, 3dnowpref, sse, sse2, sse3, ssse3, sse4.1, sse4.2, popcnt, lzcnt, tsc, tscinvbit, avx, avx2, aes, erms, clmul, bmi1, bmi2, adx, sha, fma, vzeroupper, clflush, clflushopt, clwb, serialize, rdtscp, rdpid, fsrm, f16c, pku, cet_ibt, cet_ss
Processor Information for processor 0
  Max Mhz: 1200, Current Mhz: 1200, Mhz Limit: 1200
Processor Information for processor 1
  Max Mhz: 1200, Current Mhz: 1200, Mhz Limit: 1200
Processor Information for processor 2
  Max Mhz: 1200, Current Mhz: 1200, Mhz Limit: 1200
Processor Information for processor 3
  Max Mhz: 1200, Current Mhz: 1200, Mhz Limit: 1200
Processor Information for processor 4
  Max Mhz: 900, Current Mhz: 900, Mhz Limit: 900
Processor Information for processor 5
  Max Mhz: 900, Current Mhz: 900, Mhz Limit: 900
Processor Information for processor 6
  Max Mhz: 900, Current Mhz: 900, Mhz Limit: 900
Processor Information for processor 7
  Max Mhz: 900, Current Mhz: 900, Mhz Limit: 900

Memory: 4k page, system-wide physical 7916M (15M free)
TotalPageFile size 22894M (AvailPageFile size 6M)
current process WorkingSet (physical memory assigned to process): 77M, peak: 80M
current process commit charge ("private bytes"): 111M, peak: 120M

vm_info: OpenJDK 64-Bit Server VM (21.0.7+-13880790-b1038.58) for windows-amd64 JRE (21.0.7+-13880790-b1038.58), built on 2025-08-04T20:56:21Z by "builder" with MS VC++ 16.10 / 16.11 (VS2019)

END.
